\BOOKMARK [1][-]{section.1}{\376\377\000M\000a\000t\000h\000e\000m\000a\000t\000i\000s\000c\000h\000e\000s\000\040\000B\000e\000w\000e\000i\000s\000e\000n}{}% 1
\BOOKMARK [2][-]{subsection.1.1}{\376\377\000D\000i\000r\000e\000k\000t\000e\000r\000\040\000B\000e\000w\000e\000i\000s}{section.1}% 2
\BOOKMARK [2][-]{subsection.1.2}{\376\377\000B\000e\000w\000e\000i\000s\000\040\000d\000u\000r\000c\000h\000\040\000K\000o\000n\000t\000r\000a\000p\000o\000s\000i\000t\000i\000o\000n\000\040\000\050\000a\000u\000c\000h\000\040\000b\000e\000k\000a\000n\000n\000t\000\040\000a\000l\000s\000\040\000i\000n\000d\000i\000r\000e\000k\000t\000e\000r\000\040\000B\000e\000w\000e\000i\000s\000\051}{section.1}% 3
\BOOKMARK [2][-]{subsection.1.3}{\376\377\000W\000i\000d\000e\000r\000s\000p\000r\000u\000c\000h\000s\000b\000e\000w\000e\000i\000s}{section.1}% 4
\BOOKMARK [2][-]{subsection.1.4}{\376\377\000I\000n\000d\000u\000k\000t\000i\000o\000n\000s\000b\000e\000w\000e\000i\000s}{section.1}% 5
\BOOKMARK [3][-]{subsubsection.1.4.1}{\376\377\000V\000o\000l\000l\000s\000t\000\344\000n\000d\000i\000g\000e\000\040\000I\000n\000d\000u\000k\000t\000i\000o\000n}{subsection.1.4}% 6
\BOOKMARK [1][-]{section.2}{\376\377\000I\000n\000d\000u\000k\000t\000i\000v\000e\000\040\000M\000e\000n\000g\000e\000n\000d\000e\000f\000i\000n\000i\000t\000i\000o\000n}{}% 7
\BOOKMARK [1][-]{section.3}{\376\377\000A\000u\000f\000b\000a\000u\000\040\000d\000e\000r\000\040\000v\000o\000l\000l\000s\000t\000\344\000n\000d\000i\000g\000e\000n\000\040\000I\000n\000d\000u\000k\000t\000i\000o\000n}{}% 8
\BOOKMARK [1][-]{section.4}{\376\377\000B\000e\000i\000s\000p\000i\000e\000l\000e}{}% 9
\BOOKMARK [2][-]{subsection.4.1}{\376\377\000G\000a\000u\000\337\000s\000c\000h\000e\000\040\000S\000u\000m\000m\000e\000n\000f\000o\000r\000m\000e\000l}{section.4}% 10
\BOOKMARK [3][-]{subsubsection.4.1.1}{\376\377\000I\000n\000d\000u\000k\000t\000i\000o\000n\000s\000a\000n\000f\000a\000n\000g\000\040\000\050\000I\000A\000\051}{subsection.4.1}% 11
\BOOKMARK [3][-]{subsubsection.4.1.2}{\376\377\000I\000n\000d\000u\000k\000t\000i\000o\000n\000s\000s\000c\000h\000r\000i\000t\000t\000\040\000\050\000I\000S\000\051}{subsection.4.1}% 12
\BOOKMARK [3][-]{subsubsection.4.1.3}{\376\377\000S\000c\000h\000l\000u\000s\000s\000f\000o\000l\000g\000e\000r\000u\000n\000g}{subsection.4.1}% 13
\BOOKMARK [2][-]{subsection.4.2}{\376\377\000B\000e\000i\000s\000p\000i\000e\000l\000\040\000a\000u\000s\000\040\000d\000e\000r\000\040\000a\000n\000a\000l\000y\000t\000i\000s\000c\000h\000e\000n\000\040\000G\000e\000o\000m\000e\000t\000r\000i\000e\000:\000\040\000D\000i\000e\000\040\000m\000a\000x\000i\000m\000a\000l\000e\000\040\000A\000n\000z\000a\000h\000l\000\040\000a\000n\000\040\000S\000c\000h\000n\000i\000t\000t\000p\000u\000n\000k\000t\000e\000n\000\040\000v\000o\000n\000\040\000n\000\040\000G\000e\000r\000a\000d\000e\000n}{section.4}% 14
\BOOKMARK [3][-]{subsubsection.4.2.1}{\376\377\000I\000n\000d\000u\000k\000t\000i\000o\000n\000s\000a\000n\000f\000a\000n\000g\000\040\000\050\000I\000A\000\051}{subsection.4.2}% 15
\BOOKMARK [3][-]{subsubsection.4.2.2}{\376\377\000I\000n\000d\000u\000k\000t\000i\000o\000n\000s\000s\000c\000h\000r\000i\000t\000t\000\040\000\050\000I\000S\000\051}{subsection.4.2}% 16
\BOOKMARK [3][-]{subsubsection.4.2.3}{\376\377\000K\000e\000t\000t\000e\000n\000s\000c\000h\000l\000u\000s\000s}{subsection.4.2}% 17
\BOOKMARK [1][-]{section.5}{\376\377\000F\000a\000z\000i\000t}{}% 18
\BOOKMARK [1][-]{section.6}{\376\377\000Q\000u\000e\000l\000l\000e\000n}{}% 19
\BOOKMARK [2][-]{subsection.6.1}{\376\377\000T\000e\000x\000t\000q\000u\000e\000l\000l\000e\000n}{section.6}% 20
\BOOKMARK [2][-]{subsection.6.2}{\376\377\000B\000i\000l\000d\000q\000u\000e\000l\000l\000e\000n}{section.6}% 21
